<?xml version="1.0" encoding="UTF-8"?>
<!-- Generated by org.testng.reporters.JUnitReportReporter -->
<testsuite skipped="0" hostname="DJ5PW5Z1" name="mTestScripts.TC01" tests="1" failures="0" timestamp="10 Apr 2018 11:06:38 GMT" time="33.579" errors="0">
  <testcase name="test" time="33.579" classname="mTestScripts.TC01"/>
</testsuite> <!-- mTestScripts.TC01 -->
