<?xml version="1.0" encoding="UTF-8"?>
<!-- Generated by org.testng.reporters.JUnitReportReporter -->
<testsuite skipped="0" hostname="DJ5PW5Z1" name="mRunners.TestRunnerTC01" tests="1" failures="0" timestamp="23 Apr 2018 04:06:59 GMT" time="0.003" errors="0">
  <testcase name="f" time="0.003" classname="mRunners.TestRunnerTC01"/>
</testsuite> <!-- mRunners.TestRunnerTC01 -->
